#---------- INSTALLED ROLES AND FEATURES ----------#
[Sunday 10/08/2023 12:58:]       -Active Directory Domain Services
[Sunday 10/08/2023 12:58:]       -DNS Server
[Sunday 10/08/2023 12:58:]       -File and Storage Services
[Sunday 10/08/2023 12:58:]       -File and iSCSI Services
[Sunday 10/08/2023 12:58:]       -File Server
[Sunday 10/08/2023 12:58:]       -Storage Services
[Sunday 10/08/2023 12:58:]       -.NET Framework 4.8 Features
[Sunday 10/08/2023 12:58:]       -.NET Framework 4.8
[Sunday 10/08/2023 12:58:]       -WCF Services
[Sunday 10/08/2023 12:58:]       -TCP Port Sharing
[Sunday 10/08/2023 12:58:]       -Group Policy Management
[Sunday 10/08/2023 12:58:]       -Microsoft Defender Antivirus
[Sunday 10/08/2023 12:58:]       -Remote Server Administration Tools
[Sunday 10/08/2023 12:58:]       -Role Administration Tools
[Sunday 10/08/2023 12:58:]       -AD DS and AD LDS Tools
[Sunday 10/08/2023 12:58:]       -Active Directory module for Windows PowerShell
[Sunday 10/08/2023 12:58:]       -AD DS Tools
[Sunday 10/08/2023 12:58:]       -Active Directory Administrative Center
[Sunday 10/08/2023 12:58:]       -AD DS Snap-Ins and Command-Line Tools
[Sunday 10/08/2023 12:58:]       -DNS Server Tools
[Sunday 10/08/2023 12:58:]       -System Data Archiver
[Sunday 10/08/2023 12:58:]       -Windows PowerShell
[Sunday 10/08/2023 12:58:]       -Windows PowerShell 5.1
[Sunday 10/08/2023 12:58:]       -WoW64 Support
[Sunday 10/08/2023 12:58:]       -XPS Viewer
[Sunday 10/08/2023 12:59:]       -Active Directory Domain Services
[Sunday 10/08/2023 12:59:]       -DNS Server
[Sunday 10/08/2023 12:59:]       -File and Storage Services
[Sunday 10/08/2023 12:59:]       -File and iSCSI Services
[Sunday 10/08/2023 12:59:]       -File Server
[Sunday 10/08/2023 12:59:]       -Storage Services
[Sunday 10/08/2023 12:59:]       -.NET Framework 4.8 Features
[Sunday 10/08/2023 12:59:]       -.NET Framework 4.8
[Sunday 10/08/2023 12:59:]       -WCF Services
[Sunday 10/08/2023 12:59:]       -TCP Port Sharing
[Sunday 10/08/2023 12:59:]       -Group Policy Management
[Sunday 10/08/2023 12:59:]       -Microsoft Defender Antivirus
[Sunday 10/08/2023 12:59:]       -Remote Server Administration Tools
[Sunday 10/08/2023 12:59:]       -Role Administration Tools
[Sunday 10/08/2023 12:59:]       -AD DS and AD LDS Tools
[Sunday 10/08/2023 12:59:]       -Active Directory module for Windows PowerShell
[Sunday 10/08/2023 12:59:]       -AD DS Tools
[Sunday 10/08/2023 12:59:]       -Active Directory Administrative Center
[Sunday 10/08/2023 12:59:]       -AD DS Snap-Ins and Command-Line Tools
[Sunday 10/08/2023 12:59:]       -DNS Server Tools
[Sunday 10/08/2023 12:59:]       -System Data Archiver
[Sunday 10/08/2023 12:59:]       -Windows PowerShell
[Sunday 10/08/2023 12:59:]       -Windows PowerShell 5.1
[Sunday 10/08/2023 12:59:]       -WoW64 Support
[Sunday 10/08/2023 12:59:]       -XPS Viewer
